<?xml version="1.0" encoding="UTF-8"?>
<!-- Generated by org.testng.reporters.JUnitReportReporter -->
<testsuite hostname="DESKTOP-5EH5M4D" failures="0" tests="1" name="automationTests.CartTests" time="19.081" errors="0" timestamp="2021-06-18T12:36:07 CEST" skipped="0">
  <testcase classname="automationTests.CartTests" name="addMinusOneProductToCart" time="19.081"/>
  <system-out/>
</testsuite> <!-- automationTests.CartTests -->
